<?xml version="1.0" encoding="UTF-8"?>
<testng-results skipped="0" failed="0" total="1" passed="1">
  <reporter-output>
  </reporter-output>
  <suite name="All Tests" duration-ms="389" started-at="2016-03-28T20:42:40Z" finished-at="2016-03-28T20:42:40Z">
    <groups>
      <group name="integration">
        <method signature="MyClassIntegrationTest.simple()[pri:0, instance:MyClassIntegrationTest@56acdd02]" name="simple" class="MyClassIntegrationTest"/>
      </group> <!-- integration -->
    </groups>
    <test name="All Tests" duration-ms="389" started-at="2016-03-28T20:42:40Z" finished-at="2016-03-28T20:42:40Z">
      <class name="MyClassIntegrationTest">
        <test-method status="PASS" signature="simple()[pri:0, instance:MyClassIntegrationTest@56acdd02]" name="simple" duration-ms="328" started-at="2016-03-28T14:42:40Z" finished-at="2016-03-28T14:42:40Z">
          <reporter-output>
          </reporter-output>
        </test-method> <!-- simple -->
      </class> <!-- MyClassIntegrationTest -->
    </test> <!-- All Tests -->
  </suite> <!-- All Tests -->
</testng-results>
